[0.721s] Invoking command in '/root/ros2_ws/src/mypkg': PYTHONPATH=/root/ros2_ws/build/mypkg/prefix_override:/root/ros2_ws/install/mypkg/lib/python3.10/site-packages:${PYTHONPATH} /usr/bin/python3 setup.py egg_info --egg-base ../../build/mypkg build --build-base /root/ros2_ws/build/mypkg/build install --record /root/ros2_ws/build/mypkg/install.log --single-version-externally-managed
[0.974s] running egg_info
[0.975s] writing ../../build/mypkg/mypkg.egg-info/PKG-INFO
[0.975s] writing dependency_links to ../../build/mypkg/mypkg.egg-info/dependency_links.txt
[0.976s] writing entry points to ../../build/mypkg/mypkg.egg-info/entry_points.txt
[0.976s] writing requirements to ../../build/mypkg/mypkg.egg-info/requires.txt
[0.976s] writing top-level names to ../../build/mypkg/mypkg.egg-info/top_level.txt
[0.978s] reading manifest file '../../build/mypkg/mypkg.egg-info/SOURCES.txt'
[0.979s] writing manifest file '../../build/mypkg/mypkg.egg-info/SOURCES.txt'
[0.979s] running build
[0.979s] running build_py
[0.979s] running install
[0.980s] running install_lib
[0.981s] running install_data
[0.981s] copying package.xml -> /root/ros2_ws/install/mypkg/share/mypkg
[0.981s] running install_egg_info
[0.984s] removing '/root/ros2_ws/install/mypkg/lib/python3.10/site-packages/mypkg-0.0.0-py3.10.egg-info' (and everything under it)
[0.984s] Copying ../../build/mypkg/mypkg.egg-info to /root/ros2_ws/install/mypkg/lib/python3.10/site-packages/mypkg-0.0.0-py3.10.egg-info
[0.985s] running install_scripts
[1.005s] Installing talker script to /root/ros2_ws/install/mypkg/lib/mypkg
[1.005s] writing list of installed files to '/root/ros2_ws/build/mypkg/install.log'
[1.041s] Invoked command in '/root/ros2_ws/src/mypkg' returned '0': PYTHONPATH=/root/ros2_ws/build/mypkg/prefix_override:/root/ros2_ws/install/mypkg/lib/python3.10/site-packages:${PYTHONPATH} /usr/bin/python3 setup.py egg_info --egg-base ../../build/mypkg build --build-base /root/ros2_ws/build/mypkg/build install --record /root/ros2_ws/build/mypkg/install.log --single-version-externally-managed
