[0.812s] Invoking command in '/root/ros2_ws/src/mypkg': PYTHONPATH=/root/ros2_ws/build/mypkg/prefix_override:/root/ros2_ws/install/mypkg/lib/python3.10/site-packages:${PYTHONPATH} /usr/bin/python3 setup.py egg_info --egg-base ../../build/mypkg build --build-base /root/ros2_ws/build/mypkg/build install --record /root/ros2_ws/build/mypkg/install.log --single-version-externally-managed
[1.073s] running egg_info
[1.074s] writing ../../build/mypkg/mypkg.egg-info/PKG-INFO
[1.074s] writing dependency_links to ../../build/mypkg/mypkg.egg-info/dependency_links.txt
[1.074s] writing entry points to ../../build/mypkg/mypkg.egg-info/entry_points.txt
[1.075s] writing requirements to ../../build/mypkg/mypkg.egg-info/requires.txt
[1.075s] writing top-level names to ../../build/mypkg/mypkg.egg-info/top_level.txt
[1.077s] reading manifest file '../../build/mypkg/mypkg.egg-info/SOURCES.txt'
[1.078s] writing manifest file '../../build/mypkg/mypkg.egg-info/SOURCES.txt'
[1.079s] running build
[1.079s] running build_py
[1.079s] running install
[1.079s] running install_lib
[1.081s] running install_data
[1.082s] running install_egg_info
[1.083s] removing '/root/ros2_ws/install/mypkg/lib/python3.10/site-packages/mypkg-0.0.0-py3.10.egg-info' (and everything under it)
[1.084s] Copying ../../build/mypkg/mypkg.egg-info to /root/ros2_ws/install/mypkg/lib/python3.10/site-packages/mypkg-0.0.0-py3.10.egg-info
[1.085s] running install_scripts
[1.108s] Installing talker script to /root/ros2_ws/install/mypkg/lib/mypkg
[1.109s] writing list of installed files to '/root/ros2_ws/build/mypkg/install.log'
[1.149s] Invoked command in '/root/ros2_ws/src/mypkg' returned '0': PYTHONPATH=/root/ros2_ws/build/mypkg/prefix_override:/root/ros2_ws/install/mypkg/lib/python3.10/site-packages:${PYTHONPATH} /usr/bin/python3 setup.py egg_info --egg-base ../../build/mypkg build --build-base /root/ros2_ws/build/mypkg/build install --record /root/ros2_ws/build/mypkg/install.log --single-version-externally-managed
