[0.710s] Invoking command in '/root/ros2_ws/src/mypkg': PYTHONPATH=/root/ros2_ws/build/mypkg/prefix_override:/root/ros2_ws/install/mypkg/lib/python3.10/site-packages:${PYTHONPATH} /usr/bin/python3 setup.py egg_info --egg-base ../../build/mypkg build --build-base /root/ros2_ws/build/mypkg/build install --record /root/ros2_ws/build/mypkg/install.log --single-version-externally-managed
[0.952s] running egg_info
[0.953s] writing ../../build/mypkg/mypkg.egg-info/PKG-INFO
[0.953s] writing dependency_links to ../../build/mypkg/mypkg.egg-info/dependency_links.txt
[0.956s] writing entry points to ../../build/mypkg/mypkg.egg-info/entry_points.txt
[0.956s] writing requirements to ../../build/mypkg/mypkg.egg-info/requires.txt
[0.957s] writing top-level names to ../../build/mypkg/mypkg.egg-info/top_level.txt
[0.959s] reading manifest file '../../build/mypkg/mypkg.egg-info/SOURCES.txt'
[0.961s] writing manifest file '../../build/mypkg/mypkg.egg-info/SOURCES.txt'
[0.961s] running build
[0.961s] running build_py
[0.962s] running install
[0.962s] running install_lib
[0.964s] running install_data
[0.964s] running install_egg_info
[0.966s] removing '/root/ros2_ws/install/mypkg/lib/python3.10/site-packages/mypkg-0.0.0-py3.10.egg-info' (and everything under it)
[0.966s] Copying ../../build/mypkg/mypkg.egg-info to /root/ros2_ws/install/mypkg/lib/python3.10/site-packages/mypkg-0.0.0-py3.10.egg-info
[0.968s] running install_scripts
[0.991s] Installing talker script to /root/ros2_ws/install/mypkg/lib/mypkg
[0.992s] writing list of installed files to '/root/ros2_ws/build/mypkg/install.log'
[1.027s] Invoked command in '/root/ros2_ws/src/mypkg' returned '0': PYTHONPATH=/root/ros2_ws/build/mypkg/prefix_override:/root/ros2_ws/install/mypkg/lib/python3.10/site-packages:${PYTHONPATH} /usr/bin/python3 setup.py egg_info --egg-base ../../build/mypkg build --build-base /root/ros2_ws/build/mypkg/build install --record /root/ros2_ws/build/mypkg/install.log --single-version-externally-managed
