[0.711s] Invoking command in '/root/ros2_ws/src/mypkg': PYTHONPATH=/root/ros2_ws/build/mypkg/prefix_override:/root/ros2_ws/install/mypkg/lib/python3.10/site-packages:${PYTHONPATH} /usr/bin/python3 setup.py egg_info --egg-base ../../build/mypkg build --build-base /root/ros2_ws/build/mypkg/build install --record /root/ros2_ws/build/mypkg/install.log --single-version-externally-managed
[0.998s] running egg_info
[0.998s] writing ../../build/mypkg/mypkg.egg-info/PKG-INFO
[0.998s] writing dependency_links to ../../build/mypkg/mypkg.egg-info/dependency_links.txt
[0.998s] writing entry points to ../../build/mypkg/mypkg.egg-info/entry_points.txt
[0.998s] writing requirements to ../../build/mypkg/mypkg.egg-info/requires.txt
[0.999s] writing top-level names to ../../build/mypkg/mypkg.egg-info/top_level.txt
[0.999s] reading manifest file '../../build/mypkg/mypkg.egg-info/SOURCES.txt'
[0.999s] writing manifest file '../../build/mypkg/mypkg.egg-info/SOURCES.txt'
[0.999s] running build
[0.999s] running build_py
[0.999s] running install
[0.999s] running install_lib
[0.999s] running install_data
[0.999s] running install_egg_info
[1.001s] removing '/root/ros2_ws/install/mypkg/lib/python3.10/site-packages/mypkg-0.0.0-py3.10.egg-info' (and everything under it)
[1.002s] Copying ../../build/mypkg/mypkg.egg-info to /root/ros2_ws/install/mypkg/lib/python3.10/site-packages/mypkg-0.0.0-py3.10.egg-info
[1.004s] running install_scripts
[1.033s] Installing talker script to /root/ros2_ws/install/mypkg/lib/mypkg
[1.034s] writing list of installed files to '/root/ros2_ws/build/mypkg/install.log'
[1.067s] Invoked command in '/root/ros2_ws/src/mypkg' returned '0': PYTHONPATH=/root/ros2_ws/build/mypkg/prefix_override:/root/ros2_ws/install/mypkg/lib/python3.10/site-packages:${PYTHONPATH} /usr/bin/python3 setup.py egg_info --egg-base ../../build/mypkg build --build-base /root/ros2_ws/build/mypkg/build install --record /root/ros2_ws/build/mypkg/install.log --single-version-externally-managed
