[1.203s] Invoking command in '/root/ros2_ws/src/mypkg': PYTHONPATH=/root/ros2_ws/build/mypkg/prefix_override:/root/ros2_ws/install/mypkg/lib/python3.10/site-packages:${PYTHONPATH} /usr/bin/python3 setup.py egg_info --egg-base ../../build/mypkg build --build-base /root/ros2_ws/build/mypkg/build install --record /root/ros2_ws/build/mypkg/install.log --single-version-externally-managed
[1.482s] running egg_info
[1.483s] creating ../../build/mypkg/mypkg.egg-info
[1.483s] writing ../../build/mypkg/mypkg.egg-info/PKG-INFO
[1.483s] writing dependency_links to ../../build/mypkg/mypkg.egg-info/dependency_links.txt
[1.484s] writing entry points to ../../build/mypkg/mypkg.egg-info/entry_points.txt
[1.484s] writing requirements to ../../build/mypkg/mypkg.egg-info/requires.txt
[1.484s] writing top-level names to ../../build/mypkg/mypkg.egg-info/top_level.txt
[1.485s] writing manifest file '../../build/mypkg/mypkg.egg-info/SOURCES.txt'
[1.486s] reading manifest file '../../build/mypkg/mypkg.egg-info/SOURCES.txt'
[1.487s] writing manifest file '../../build/mypkg/mypkg.egg-info/SOURCES.txt'
[1.487s] running build
[1.487s] running build_py
[1.487s] creating /root/ros2_ws/build/mypkg/build
[1.488s] creating /root/ros2_ws/build/mypkg/build/lib
[1.488s] creating /root/ros2_ws/build/mypkg/build/lib/mypkg
[1.489s] copying mypkg/talker.py -> /root/ros2_ws/build/mypkg/build/lib/mypkg
[1.489s] copying mypkg/__init__.py -> /root/ros2_ws/build/mypkg/build/lib/mypkg
[1.489s] running install
[1.490s] running install_lib
[1.491s] creating /root/ros2_ws/install/mypkg/lib/python3.10/site-packages/mypkg
[1.491s] copying /root/ros2_ws/build/mypkg/build/lib/mypkg/talker.py -> /root/ros2_ws/install/mypkg/lib/python3.10/site-packages/mypkg
[1.491s] copying /root/ros2_ws/build/mypkg/build/lib/mypkg/__init__.py -> /root/ros2_ws/install/mypkg/lib/python3.10/site-packages/mypkg
[1.492s] byte-compiling /root/ros2_ws/install/mypkg/lib/python3.10/site-packages/mypkg/talker.py to talker.cpython-310.pyc
[1.492s] byte-compiling /root/ros2_ws/install/mypkg/lib/python3.10/site-packages/mypkg/__init__.py to __init__.cpython-310.pyc
[1.492s] running install_data
[1.493s] creating /root/ros2_ws/install/mypkg/share
[1.493s] creating /root/ros2_ws/install/mypkg/share/ament_index
[1.493s] creating /root/ros2_ws/install/mypkg/share/ament_index/resource_index
[1.493s] creating /root/ros2_ws/install/mypkg/share/ament_index/resource_index/packages
[1.494s] copying resource/mypkg -> /root/ros2_ws/install/mypkg/share/ament_index/resource_index/packages
[1.494s] creating /root/ros2_ws/install/mypkg/share/mypkg
[1.494s] copying package.xml -> /root/ros2_ws/install/mypkg/share/mypkg
[1.495s] running install_egg_info
[1.496s] Copying ../../build/mypkg/mypkg.egg-info to /root/ros2_ws/install/mypkg/lib/python3.10/site-packages/mypkg-0.0.0-py3.10.egg-info
[1.497s] running install_scripts
[1.525s] Installing talker script to /root/ros2_ws/install/mypkg/lib/mypkg
[1.526s] writing list of installed files to '/root/ros2_ws/build/mypkg/install.log'
[1.566s] Invoked command in '/root/ros2_ws/src/mypkg' returned '0': PYTHONPATH=/root/ros2_ws/build/mypkg/prefix_override:/root/ros2_ws/install/mypkg/lib/python3.10/site-packages:${PYTHONPATH} /usr/bin/python3 setup.py egg_info --egg-base ../../build/mypkg build --build-base /root/ros2_ws/build/mypkg/build install --record /root/ros2_ws/build/mypkg/install.log --single-version-externally-managed
